#
# There is insufficient memory for the Java Runtime Environment to continue.
# Native memory allocation (malloc) failed to allocate 374736 bytes. Error detail: Chunk::new
# Possible reasons:
#   The system is out of physical RAM or swap space
#   This process is running with CompressedOops enabled, and the Java Heap may be blocking the growth of the native heap
# Possible solutions:
#   Reduce memory load on the system
#   Increase physical memory or swap space
#   Check if swap backing store is full
#   Decrease Java heap size (-Xmx/-Xms)
#   Decrease number of Java threads
#   Decrease Java thread stack sizes (-Xss)
#   Set larger code cache with -XX:ReservedCodeCacheSize=
#
#  
#
# JRE version: OpenJDK Runtime Environment (21.0.3) (build 21.0.3+-12282718-b509.11)
# Java VM: OpenJDK 64-Bit Server VM (21.0.3+-12282718-b509.11, mixed mode, tiered, compressed oops, compressed class ptrs, g1 gc, windows-amd64)
# No core dump will be written. Minidumps are not enabled by default on client versions of Windows
#

---------------  S U M M A R Y ------------

Command Line: -Dorg.gradle.appname=gradlew org.gradle.wrapper.GradleWrapperMain -q -Ptarget-platform=android-x64 -Ptarget=D:\flutter\projects\pickup\lib\main.dart -Pbase-application-name=android.app.Application -Pdart-obfuscation=false -Ptrack-widget-creation=true -Ptree-shake-icons=false -Pfilesystem-scheme=org-dartlang-root assembleDebug

Host: AMD Ryzen 5 4600H with Radeon Graphics         , 12 cores, 7G,  Windows 11 , 64 bit Build 22621 (10.0.22621.4391)
Time: Sat Feb 22 16:40:47 2025 India Standard Time elapsed time: 0.754874 seconds (0d 0h 0m 0s)

---------------  T H R E A D  ---------------

Current thread (0x0000026cc17baf80):  JavaThread "C2 CompilerThread0" daemon [_thread_in_native, id=6948, stack(0x000000ba7ae00000,0x000000ba7af00000) (1024K)]


Current CompileTask:
C2:    754  706       4       java.io.WinNTFileSystem::normalize (143 bytes)

Stack: [0x000000ba7ae00000,0x000000ba7af00000]
Native frames: (J=compiled Java code, j=interpreted, Vv=VM code, C=native code)
V  [jvm.dll+0x6cafb9]
V  [jvm.dll+0x858523]
V  [jvm.dll+0x85aa7e]
V  [jvm.dll+0x85b163]
V  [jvm.dll+0x27d356]
V  [jvm.dll+0xbf93d]
V  [jvm.dll+0xbfe73]
V  [jvm.dll+0x3b1cb1]
V  [jvm.dll+0x37e787]
V  [jvm.dll+0x37dbfa]
V  [jvm.dll+0x246b02]
V  [jvm.dll+0x2460d1]
V  [jvm.dll+0x1c5804]
V  [jvm.dll+0x25575c]
V  [jvm.dll+0x253c36]
V  [jvm.dll+0x3ec996]
V  [jvm.dll+0x800d78]
V  [jvm.dll+0x6c98cd]
C  [ucrtbase.dll+0x29333]
C  [KERNEL32.DLL+0x1259d]
C  [ntdll.dll+0x5af38]


---------------  P R O C E S S  ---------------

Threads class SMR info:
_java_thread_list=0x0000026cc61ec320, length=11, elements={
0x0000026ca9e1b300, 0x0000026cc17d03a0, 0x0000026cc17d0e00, 0x0000026cc17d2e00,
0x0000026cc17d3470, 0x0000026cc17aed60, 0x0000026cc17af7c0, 0x0000026cc17baf80,
0x0000026cc17bbe50, 0x0000026cc197c4a0, 0x0000026cc19a2530
}

Java Threads: ( => current thread )
  0x0000026ca9e1b300 JavaThread "main"                              [_thread_in_vm, id=7188, stack(0x000000ba7a000000,0x000000ba7a100000) (1024K)]
  0x0000026cc17d03a0 JavaThread "Reference Handler"          daemon [_thread_blocked, id=8292, stack(0x000000ba7a800000,0x000000ba7a900000) (1024K)]
  0x0000026cc17d0e00 JavaThread "Finalizer"                  daemon [_thread_blocked, id=16068, stack(0x000000ba7a900000,0x000000ba7aa00000) (1024K)]
  0x0000026cc17d2e00 JavaThread "Signal Dispatcher"          daemon [_thread_blocked, id=7052, stack(0x000000ba7aa00000,0x000000ba7ab00000) (1024K)]
  0x0000026cc17d3470 JavaThread "Attach Listener"            daemon [_thread_blocked, id=17700, stack(0x000000ba7ab00000,0x000000ba7ac00000) (1024K)]
  0x0000026cc17aed60 JavaThread "Service Thread"             daemon [_thread_blocked, id=1844, stack(0x000000ba7ac00000,0x000000ba7ad00000) (1024K)]
  0x0000026cc17af7c0 JavaThread "Monitor Deflation Thread"   daemon [_thread_blocked, id=16620, stack(0x000000ba7ad00000,0x000000ba7ae00000) (1024K)]
=>0x0000026cc17baf80 JavaThread "C2 CompilerThread0"         daemon [_thread_in_native, id=6948, stack(0x000000ba7ae00000,0x000000ba7af00000) (1024K)]
  0x0000026cc17bbe50 JavaThread "C1 CompilerThread0"         daemon [_thread_blocked, id=13524, stack(0x000000ba7af00000,0x000000ba7b000000) (1024K)]
  0x0000026cc197c4a0 JavaThread "Notification Thread"        daemon [_thread_blocked, id=5664, stack(0x000000ba7b000000,0x000000ba7b100000) (1024K)]
  0x0000026cc19a2530 JavaThread "Common-Cleaner"             daemon [_thread_blocked, id=18840, stack(0x000000ba7b100000,0x000000ba7b200000) (1024K)]
Total: 11

Other Threads:
  0x0000026cc17640a0 VMThread "VM Thread"                           [id=8620, stack(0x000000ba7a700000,0x000000ba7a800000) (1024K)]
  0x0000026cc15a6650 WatcherThread "VM Periodic Task Thread"        [id=10188, stack(0x000000ba7a600000,0x000000ba7a700000) (1024K)]
  0x0000026ca9e68f00 WorkerThread "GC Thread#0"                     [id=14904, stack(0x000000ba7a100000,0x000000ba7a200000) (1024K)]
  0x0000026ca9e78b20 ConcurrentGCThread "G1 Main Marker"            [id=20344, stack(0x000000ba7a200000,0x000000ba7a300000) (1024K)]
  0x0000026ca9e79530 WorkerThread "G1 Conc#0"                       [id=14920, stack(0x000000ba7a300000,0x000000ba7a400000) (1024K)]
  0x0000026cc1479510 ConcurrentGCThread "G1 Refine#0"               [id=13240, stack(0x000000ba7a400000,0x000000ba7a500000) (1024K)]
  0x0000026ca9ede420 ConcurrentGCThread "G1 Service"                [id=23452, stack(0x000000ba7a500000,0x000000ba7a600000) (1024K)]
Total: 7

Threads with active compile tasks:
C2 CompilerThread0      898  706       4       java.io.WinNTFileSystem::normalize (143 bytes)
Total: 1

VM state: not at safepoint (normal execution)

VM Mutex/Monitor currently owned by a thread:  ([mutex/lock_event])
[0x00007ffb1458fec8] Metaspace_lock - owner thread: 0x0000026ca9e1b300

Heap address: 0x000000008a200000, size: 1886 MB, Compressed Oops mode: 32-bit

CDS archive(s) not mapped
Compressed class space mapped at: 0x0000000100000000-0x0000000140000000, reserved size: 1073741824
Narrow klass base: 0x0000000000000000, Narrow klass shift: 3, Narrow klass range: 0x140000000

GC Precious Log:
 CardTable entry size: 512
 Card Set container configuration: InlinePtr #cards 5 size 8 Array Of Cards #cards 12 size 40 Howl #buckets 4 coarsen threshold 1843 Howl Bitmap #cards 512 size 80 coarsen threshold 460 Card regions per heap region 1 cards per card region 2048
 CPUs: 12 total, 12 available
 Memory: 7541M
 Large Page Support: Disabled
 NUMA Support: Disabled
 Compressed Oops: Enabled (32-bit)
 Heap Region Size: 1M
 Heap Min Capacity: 8M
 Heap Initial Capacity: 118M
 Heap Max Capacity: 1886M
 Pre-touch: Disabled
 Parallel Workers: 10
 Concurrent Workers: 3
 Concurrent Refinement Workers: 10
 Periodic GC: Disabled

Heap:
 garbage-first heap   total 120832K, used 20480K [0x000000008a200000, 0x0000000100000000)
  region size 1024K, 18 young (18432K), 0 survivors (0K)
 Metaspace       used 9407K, committed 9536K, reserved 1114112K
  class space    used 891K, committed 960K, reserved 1048576K

Heap Regions: E=young(eden), S=young(survivor), O=old, HS=humongous(starts), HC=humongous(continues), CS=collection set, F=free, TAMS=top-at-mark-start, PB=parsable bottom
|   0|0x000000008a200000, 0x000000008a300000, 0x000000008a300000|100%|HS|  |TAMS 0x000000008a200000| PB 0x000000008a200000| Complete 
|   1|0x000000008a300000, 0x000000008a400000, 0x000000008a400000|100%|HC|  |TAMS 0x000000008a300000| PB 0x000000008a300000| Complete 
|   2|0x000000008a400000, 0x000000008a500000, 0x000000008a500000|100%|HC|  |TAMS 0x000000008a400000| PB 0x000000008a400000| Complete 
|   3|0x000000008a500000, 0x000000008a600000, 0x000000008a600000|100%|HC|  |TAMS 0x000000008a500000| PB 0x000000008a500000| Complete 
|   4|0x000000008a600000, 0x000000008a600000, 0x000000008a700000|  0%| F|  |TAMS 0x000000008a600000| PB 0x000000008a600000| Untracked 
|   5|0x000000008a700000, 0x000000008a700000, 0x000000008a800000|  0%| F|  |TAMS 0x000000008a700000| PB 0x000000008a700000| Untracked 
|   6|0x000000008a800000, 0x000000008a800000, 0x000000008a900000|  0%| F|  |TAMS 0x000000008a800000| PB 0x000000008a800000| Untracked 
|   7|0x000000008a900000, 0x000000008a900000, 0x000000008aa00000|  0%| F|  |TAMS 0x000000008a900000| PB 0x000000008a900000| Untracked 
|   8|0x000000008aa00000, 0x000000008aa00000, 0x000000008ab00000|  0%| F|  |TAMS 0x000000008aa00000| PB 0x000000008aa00000| Untracked 
|   9|0x000000008ab00000, 0x000000008ab00000, 0x000000008ac00000|  0%| F|  |TAMS 0x000000008ab00000| PB 0x000000008ab00000| Untracked 
|  10|0x000000008ac00000, 0x000000008ac00000, 0x000000008ad00000|  0%| F|  |TAMS 0x000000008ac00000| PB 0x000000008ac00000| Untracked 
|  11|0x000000008ad00000, 0x000000008ad00000, 0x000000008ae00000|  0%| F|  |TAMS 0x000000008ad00000| PB 0x000000008ad00000| Untracked 
|  12|0x000000008ae00000, 0x000000008ae00000, 0x000000008af00000|  0%| F|  |TAMS 0x000000008ae00000| PB 0x000000008ae00000| Untracked 
|  13|0x000000008af00000, 0x000000008af00000, 0x000000008b000000|  0%| F|  |TAMS 0x000000008af00000| PB 0x000000008af00000| Untracked 
|  14|0x000000008b000000, 0x000000008b000000, 0x000000008b100000|  0%| F|  |TAMS 0x000000008b000000| PB 0x000000008b000000| Untracked 
|  15|0x000000008b100000, 0x000000008b100000, 0x000000008b200000|  0%| F|  |TAMS 0x000000008b100000| PB 0x000000008b100000| Untracked 
|  16|0x000000008b200000, 0x000000008b200000, 0x000000008b300000|  0%| F|  |TAMS 0x000000008b200000| PB 0x000000008b200000| Untracked 
|  17|0x000000008b300000, 0x000000008b300000, 0x000000008b400000|  0%| F|  |TAMS 0x000000008b300000| PB 0x000000008b300000| Untracked 
|  18|0x000000008b400000, 0x000000008b400000, 0x000000008b500000|  0%| F|  |TAMS 0x000000008b400000| PB 0x000000008b400000| Untracked 
|  19|0x000000008b500000, 0x000000008b500000, 0x000000008b600000|  0%| F|  |TAMS 0x000000008b500000| PB 0x000000008b500000| Untracked 
|  20|0x000000008b600000, 0x000000008b600000, 0x000000008b700000|  0%| F|  |TAMS 0x000000008b600000| PB 0x000000008b600000| Untracked 
|  21|0x000000008b700000, 0x000000008b700000, 0x000000008b800000|  0%| F|  |TAMS 0x000000008b700000| PB 0x000000008b700000| Untracked 
|  22|0x000000008b800000, 0x000000008b800000, 0x000000008b900000|  0%| F|  |TAMS 0x000000008b800000| PB 0x000000008b800000| Untracked 
|  23|0x000000008b900000, 0x000000008b900000, 0x000000008ba00000|  0%| F|  |TAMS 0x000000008b900000| PB 0x000000008b900000| Untracked 
|  24|0x000000008ba00000, 0x000000008ba00000, 0x000000008bb00000|  0%| F|  |TAMS 0x000000008ba00000| PB 0x000000008ba00000| Untracked 
|  25|0x000000008bb00000, 0x000000008bb00000, 0x000000008bc00000|  0%| F|  |TAMS 0x000000008bb00000| PB 0x000000008bb00000| Untracked 
|  26|0x000000008bc00000, 0x000000008bc00000, 0x000000008bd00000|  0%| F|  |TAMS 0x000000008bc00000| PB 0x000000008bc00000| Untracked 
|  27|0x000000008bd00000, 0x000000008bd00000, 0x000000008be00000|  0%| F|  |TAMS 0x000000008bd00000| PB 0x000000008bd00000| Untracked 
|  28|0x000000008be00000, 0x000000008be00000, 0x000000008bf00000|  0%| F|  |TAMS 0x000000008be00000| PB 0x000000008be00000| Untracked 
|  29|0x000000008bf00000, 0x000000008bf00000, 0x000000008c000000|  0%| F|  |TAMS 0x000000008bf00000| PB 0x000000008bf00000| Untracked 
|  30|0x000000008c000000, 0x000000008c000000, 0x000000008c100000|  0%| F|  |TAMS 0x000000008c000000| PB 0x000000008c000000| Untracked 
|  31|0x000000008c100000, 0x000000008c100000, 0x000000008c200000|  0%| F|  |TAMS 0x000000008c100000| PB 0x000000008c100000| Untracked 
|  32|0x000000008c200000, 0x000000008c200000, 0x000000008c300000|  0%| F|  |TAMS 0x000000008c200000| PB 0x000000008c200000| Untracked 
|  33|0x000000008c300000, 0x000000008c300000, 0x000000008c400000|  0%| F|  |TAMS 0x000000008c300000| PB 0x000000008c300000| Untracked 
|  34|0x000000008c400000, 0x000000008c400000, 0x000000008c500000|  0%| F|  |TAMS 0x000000008c400000| PB 0x000000008c400000| Untracked 
|  35|0x000000008c500000, 0x000000008c500000, 0x000000008c600000|  0%| F|  |TAMS 0x000000008c500000| PB 0x000000008c500000| Untracked 
|  36|0x000000008c600000, 0x000000008c600000, 0x000000008c700000|  0%| F|  |TAMS 0x000000008c600000| PB 0x000000008c600000| Untracked 
|  37|0x000000008c700000, 0x000000008c700000, 0x000000008c800000|  0%| F|  |TAMS 0x000000008c700000| PB 0x000000008c700000| Untracked 
|  38|0x000000008c800000, 0x000000008c800000, 0x000000008c900000|  0%| F|  |TAMS 0x000000008c800000| PB 0x000000008c800000| Untracked 
|  39|0x000000008c900000, 0x000000008c900000, 0x000000008ca00000|  0%| F|  |TAMS 0x000000008c900000| PB 0x000000008c900000| Untracked 
|  40|0x000000008ca00000, 0x000000008ca00000, 0x000000008cb00000|  0%| F|  |TAMS 0x000000008ca00000| PB 0x000000008ca00000| Untracked 
|  41|0x000000008cb00000, 0x000000008cb00000, 0x000000008cc00000|  0%| F|  |TAMS 0x000000008cb00000| PB 0x000000008cb00000| Untracked 
|  42|0x000000008cc00000, 0x000000008cc00000, 0x000000008cd00000|  0%| F|  |TAMS 0x000000008cc00000| PB 0x000000008cc00000| Untracked 
|  43|0x000000008cd00000, 0x000000008cd00000, 0x000000008ce00000|  0%| F|  |TAMS 0x000000008cd00000| PB 0x000000008cd00000| Untracked 
|  44|0x000000008ce00000, 0x000000008ce00000, 0x000000008cf00000|  0%| F|  |TAMS 0x000000008ce00000| PB 0x000000008ce00000| Untracked 
|  45|0x000000008cf00000, 0x000000008cf00000, 0x000000008d000000|  0%| F|  |TAMS 0x000000008cf00000| PB 0x000000008cf00000| Untracked 
|  46|0x000000008d000000, 0x000000008d000000, 0x000000008d100000|  0%| F|  |TAMS 0x000000008d000000| PB 0x000000008d000000| Untracked 
|  47|0x000000008d100000, 0x000000008d100000, 0x000000008d200000|  0%| F|  |TAMS 0x000000008d100000| PB 0x000000008d100000| Untracked 
|  48|0x000000008d200000, 0x000000008d200000, 0x000000008d300000|  0%| F|  |TAMS 0x000000008d200000| PB 0x000000008d200000| Untracked 
|  49|0x000000008d300000, 0x000000008d300000, 0x000000008d400000|  0%| F|  |TAMS 0x000000008d300000| PB 0x000000008d300000| Untracked 
|  50|0x000000008d400000, 0x000000008d400000, 0x000000008d500000|  0%| F|  |TAMS 0x000000008d400000| PB 0x000000008d400000| Untracked 
|  51|0x000000008d500000, 0x000000008d500000, 0x000000008d600000|  0%| F|  |TAMS 0x000000008d500000| PB 0x000000008d500000| Untracked 
|  52|0x000000008d600000, 0x000000008d600000, 0x000000008d700000|  0%| F|  |TAMS 0x000000008d600000| PB 0x000000008d600000| Untracked 
|  53|0x000000008d700000, 0x000000008d700000, 0x000000008d800000|  0%| F|  |TAMS 0x000000008d700000| PB 0x000000008d700000| Untracked 
|  54|0x000000008d800000, 0x000000008d800000, 0x000000008d900000|  0%| F|  |TAMS 0x000000008d800000| PB 0x000000008d800000| Untracked 
|  55|0x000000008d900000, 0x000000008d900000, 0x000000008da00000|  0%| F|  |TAMS 0x000000008d900000| PB 0x000000008d900000| Untracked 
|  56|0x000000008da00000, 0x000000008da00000, 0x000000008db00000|  0%| F|  |TAMS 0x000000008da00000| PB 0x000000008da00000| Untracked 
|  57|0x000000008db00000, 0x000000008db00000, 0x000000008dc00000|  0%| F|  |TAMS 0x000000008db00000| PB 0x000000008db00000| Untracked 
|  58|0x000000008dc00000, 0x000000008dc00000, 0x000000008dd00000|  0%| F|  |TAMS 0x000000008dc00000| PB 0x000000008dc00000| Untracked 
|  59|0x000000008dd00000, 0x000000008dd00000, 0x000000008de00000|  0%| F|  |TAMS 0x000000008dd00000| PB 0x000000008dd00000| Untracked 
|  60|0x000000008de00000, 0x000000008de00000, 0x000000008df00000|  0%| F|  |TAMS 0x000000008de00000| PB 0x000000008de00000| Untracked 
|  61|0x000000008df00000, 0x000000008df00000, 0x000000008e000000|  0%| F|  |TAMS 0x000000008df00000| PB 0x000000008df00000| Untracked 
|  62|0x000000008e000000, 0x000000008e000000, 0x000000008e100000|  0%| F|  |TAMS 0x000000008e000000| PB 0x000000008e000000| Untracked 
|  63|0x000000008e100000, 0x000000008e100000, 0x000000008e200000|  0%| F|  |TAMS 0x000000008e100000| PB 0x000000008e100000| Untracked 
|  64|0x000000008e200000, 0x000000008e200000, 0x000000008e300000|  0%| F|  |TAMS 0x000000008e200000| PB 0x000000008e200000| Untracked 
|  65|0x000000008e300000, 0x000000008e300000, 0x000000008e400000|  0%| F|  |TAMS 0x000000008e300000| PB 0x000000008e300000| Untracked 
|  66|0x000000008e400000, 0x000000008e400000, 0x000000008e500000|  0%| F|  |TAMS 0x000000008e400000| PB 0x000000008e400000| Untracked 
|  67|0x000000008e500000, 0x000000008e500000, 0x000000008e600000|  0%| F|  |TAMS 0x000000008e500000| PB 0x000000008e500000| Untracked 
|  68|0x000000008e600000, 0x000000008e600000, 0x000000008e700000|  0%| F|  |TAMS 0x000000008e600000| PB 0x000000008e600000| Untracked 
|  69|0x000000008e700000, 0x000000008e700000, 0x000000008e800000|  0%| F|  |TAMS 0x000000008e700000| PB 0x000000008e700000| Untracked 
|  70|0x000000008e800000, 0x000000008e800000, 0x000000008e900000|  0%| F|  |TAMS 0x000000008e800000| PB 0x000000008e800000| Untracked 
|  71|0x000000008e900000, 0x000000008e900000, 0x000000008ea00000|  0%| F|  |TAMS 0x000000008e900000| PB 0x000000008e900000| Untracked 
|  72|0x000000008ea00000, 0x000000008ea00000, 0x000000008eb00000|  0%| F|  |TAMS 0x000000008ea00000| PB 0x000000008ea00000| Untracked 
|  73|0x000000008eb00000, 0x000000008eb00000, 0x000000008ec00000|  0%| F|  |TAMS 0x000000008eb00000| PB 0x000000008eb00000| Untracked 
|  74|0x000000008ec00000, 0x000000008ec00000, 0x000000008ed00000|  0%| F|  |TAMS 0x000000008ec00000| PB 0x000000008ec00000| Untracked 
|  75|0x000000008ed00000, 0x000000008ed00000, 0x000000008ee00000|  0%| F|  |TAMS 0x000000008ed00000| PB 0x000000008ed00000| Untracked 
|  76|0x000000008ee00000, 0x000000008ee00000, 0x000000008ef00000|  0%| F|  |TAMS 0x000000008ee00000| PB 0x000000008ee00000| Untracked 
|  77|0x000000008ef00000, 0x000000008ef00000, 0x000000008f000000|  0%| F|  |TAMS 0x000000008ef00000| PB 0x000000008ef00000| Untracked 
|  78|0x000000008f000000, 0x000000008f000000, 0x000000008f100000|  0%| F|  |TAMS 0x000000008f000000| PB 0x000000008f000000| Untracked 
|  79|0x000000008f100000, 0x000000008f100000, 0x000000008f200000|  0%| F|  |TAMS 0x000000008f100000| PB 0x000000008f100000| Untracked 
|  80|0x000000008f200000, 0x000000008f200000, 0x000000008f300000|  0%| F|  |TAMS 0x000000008f200000| PB 0x000000008f200000| Untracked 
|  81|0x000000008f300000, 0x000000008f300000, 0x000000008f400000|  0%| F|  |TAMS 0x000000008f300000| PB 0x000000008f300000| Untracked 
|  82|0x000000008f400000, 0x000000008f400000, 0x000000008f500000|  0%| F|  |TAMS 0x000000008f400000| PB 0x000000008f400000| Untracked 
|  83|0x000000008f500000, 0x000000008f500000, 0x000000008f600000|  0%| F|  |TAMS 0x000000008f500000| PB 0x000000008f500000| Untracked 
|  84|0x000000008f600000, 0x000000008f600000, 0x000000008f700000|  0%| F|  |TAMS 0x000000008f600000| PB 0x000000008f600000| Untracked 
|  85|0x000000008f700000, 0x000000008f700000, 0x000000008f800000|  0%| F|  |TAMS 0x000000008f700000| PB 0x000000008f700000| Untracked 
|  86|0x000000008f800000, 0x000000008f800000, 0x000000008f900000|  0%| F|  |TAMS 0x000000008f800000| PB 0x000000008f800000| Untracked 
|  87|0x000000008f900000, 0x000000008f900000, 0x000000008fa00000|  0%| F|  |TAMS 0x000000008f900000| PB 0x000000008f900000| Untracked 
|  88|0x000000008fa00000, 0x000000008fa00000, 0x000000008fb00000|  0%| F|  |TAMS 0x000000008fa00000| PB 0x000000008fa00000| Untracked 
|  89|0x000000008fb00000, 0x000000008fb00000, 0x000000008fc00000|  0%| F|  |TAMS 0x000000008fb00000| PB 0x000000008fb00000| Untracked 
|  90|0x000000008fc00000, 0x000000008fc00000, 0x000000008fd00000|  0%| F|  |TAMS 0x000000008fc00000| PB 0x000000008fc00000| Untracked 
|  91|0x000000008fd00000, 0x000000008fd00000, 0x000000008fe00000|  0%| F|  |TAMS 0x000000008fd00000| PB 0x000000008fd00000| Untracked 
|  92|0x000000008fe00000, 0x000000008fe00000, 0x000000008ff00000|  0%| F|  |TAMS 0x000000008fe00000| PB 0x000000008fe00000| Untracked 
|  93|0x000000008ff00000, 0x000000008ff00000, 0x0000000090000000|  0%| F|  |TAMS 0x000000008ff00000| PB 0x000000008ff00000| Untracked 
|  94|0x0000000090000000, 0x0000000090000000, 0x0000000090100000|  0%| F|  |TAMS 0x0000000090000000| PB 0x0000000090000000| Untracked 
|  95|0x0000000090100000, 0x0000000090100000, 0x0000000090200000|  0%| F|  |TAMS 0x0000000090100000| PB 0x0000000090100000| Untracked 
|  96|0x0000000090200000, 0x0000000090200000, 0x0000000090300000|  0%| F|  |TAMS 0x0000000090200000| PB 0x0000000090200000| Untracked 
|  97|0x0000000090300000, 0x0000000090300000, 0x0000000090400000|  0%| F|  |TAMS 0x0000000090300000| PB 0x0000000090300000| Untracked 
|  98|0x0000000090400000, 0x0000000090400000, 0x0000000090500000|  0%| F|  |TAMS 0x0000000090400000| PB 0x0000000090400000| Untracked 
|  99|0x0000000090500000, 0x0000000090500000, 0x0000000090600000|  0%| F|  |TAMS 0x0000000090500000| PB 0x0000000090500000| Untracked 
| 100|0x0000000090600000, 0x0000000090700000, 0x0000000090700000|100%| E|  |TAMS 0x0000000090600000| PB 0x0000000090600000| Complete 
| 101|0x0000000090700000, 0x0000000090800000, 0x0000000090800000|100%| E|CS|TAMS 0x0000000090700000| PB 0x0000000090700000| Complete 
| 102|0x0000000090800000, 0x0000000090900000, 0x0000000090900000|100%| E|  |TAMS 0x0000000090800000| PB 0x0000000090800000| Complete 
| 103|0x0000000090900000, 0x0000000090a00000, 0x0000000090a00000|100%| E|CS|TAMS 0x0000000090900000| PB 0x0000000090900000| Complete 
| 104|0x0000000090a00000, 0x0000000090b00000, 0x0000000090b00000|100%| E|CS|TAMS 0x0000000090a00000| PB 0x0000000090a00000| Complete 
| 105|0x0000000090b00000, 0x0000000090c00000, 0x0000000090c00000|100%| E|CS|TAMS 0x0000000090b00000| PB 0x0000000090b00000| Complete 
| 106|0x0000000090c00000, 0x0000000090d00000, 0x0000000090d00000|100%| E|CS|TAMS 0x0000000090c00000| PB 0x0000000090c00000| Complete 
| 107|0x0000000090d00000, 0x0000000090e00000, 0x0000000090e00000|100%| E|CS|TAMS 0x0000000090d00000| PB 0x0000000090d00000| Complete 
| 108|0x0000000090e00000, 0x0000000090f00000, 0x0000000090f00000|100%| E|CS|TAMS 0x0000000090e00000| PB 0x0000000090e00000| Complete 
| 109|0x0000000090f00000, 0x0000000091000000, 0x0000000091000000|100%| E|CS|TAMS 0x0000000090f00000| PB 0x0000000090f00000| Complete 
| 110|0x0000000091000000, 0x0000000091100000, 0x0000000091100000|100%| E|CS|TAMS 0x0000000091000000| PB 0x0000000091000000| Complete 
| 111|0x0000000091100000, 0x0000000091200000, 0x0000000091200000|100%| E|CS|TAMS 0x0000000091100000| PB 0x0000000091100000| Complete 
| 112|0x0000000091200000, 0x0000000091300000, 0x0000000091300000|100%| E|CS|TAMS 0x0000000091200000| PB 0x0000000091200000| Complete 
| 113|0x0000000091300000, 0x0000000091400000, 0x0000000091400000|100%| E|CS|TAMS 0x0000000091300000| PB 0x0000000091300000| Complete 
| 114|0x0000000091400000, 0x0000000091500000, 0x0000000091500000|100%| E|CS|TAMS 0x0000000091400000| PB 0x0000000091400000| Complete 
| 115|0x0000000091500000, 0x0000000091600000, 0x0000000091600000|100%| E|CS|TAMS 0x0000000091500000| PB 0x0000000091500000| Complete 
| 116|0x0000000091600000, 0x0000000091700000, 0x0000000091700000|100%| E|CS|TAMS 0x0000000091600000| PB 0x0000000091600000| Complete 
| 117|0x0000000091700000, 0x0000000091800000, 0x0000000091800000|100%| E|CS|TAMS 0x0000000091700000| PB 0x0000000091700000| Complete 

Card table byte_map: [0x0000026cbc860000,0x0000026cbcc10000] _byte_map_base: 0x0000026cbc40f000

Marking Bits: (CMBitMap*) 0x0000026ca9e69510
 Bits: [0x0000026cbcc10000, 0x0000026cbe988000)

Polling page: 0x0000026ca95e0000

Metaspace:

Usage:
  Non-class:      8.32 MB used.
      Class:    891.46 KB used.
       Both:      9.19 MB used.

Virtual space:
  Non-class space:       64.00 MB reserved,       8.38 MB ( 13%) committed,  1 nodes.
      Class space:        1.00 GB reserved,     960.00 KB ( <1%) committed,  1 nodes.
             Both:        1.06 GB reserved,       9.31 MB ( <1%) committed. 

Chunk freelists:
   Non-Class:  6.83 MB
       Class:  15.08 MB
        Both:  21.91 MB

MaxMetaspaceSize: unlimited
CompressedClassSpaceSize: 1.00 GB
Initial GC threshold: 21.00 MB
Current GC threshold: 21.00 MB
CDS: off
 - commit_granule_bytes: 65536.
 - commit_granule_words: 8192.
 - virtual_space_node_default_size: 8388608.
 - enlarge_chunks_in_place: 1.
 - use_allocation_guard: 0.


Internal statistics:

num_allocs_failed_limit: 0.
num_arena_births: 46.
num_arena_deaths: 0.
num_vsnodes_births: 2.
num_vsnodes_deaths: 0.
num_space_committed: 149.
num_space_uncommitted: 0.
num_chunks_returned_to_freelist: 0.
num_chunks_taken_from_freelist: 121.
num_chunk_merges: 0.
num_chunk_splits: 66.
num_chunks_enlarged: 43.
num_inconsistent_stats: 0.

CodeHeap 'non-profiled nmethods': size=120000Kb used=250Kb max_used=250Kb free=119749Kb
 bounds [0x0000026cb4a30000, 0x0000026cb4ca0000, 0x0000026cbbf60000]
CodeHeap 'profiled nmethods': size=120000Kb used=1338Kb max_used=1338Kb free=118661Kb
 bounds [0x0000026cacf60000, 0x0000026cad1d0000, 0x0000026cb4490000]
CodeHeap 'non-nmethods': size=5760Kb used=1296Kb max_used=1313Kb free=4463Kb
 bounds [0x0000026cb4490000, 0x0000026cb4700000, 0x0000026cb4a30000]
 total_blobs=1173 nmethods=745 adapters=333
 compilation: enabled
              stopped_count=0, restarted_count=0
 full_count=0

Compilation events (20 events):
Event: 0.713 Thread 0x0000026cc17bbe50  710       3       java.util.Arrays::mismatch (69 bytes)
Event: 0.713 Thread 0x0000026cc17bbe50 nmethod 710 0x0000026cad098b90 code [0x0000026cad098d60, 0x0000026cad099090]
Event: 0.713 Thread 0x0000026cc17bbe50  711       3       java.util.zip.ZipFile::getZipEntry (322 bytes)
Event: 0.715 Thread 0x0000026cc17bbe50 nmethod 711 0x0000026cad099290 code [0x0000026cad099800, 0x0000026cad09c800]
Event: 0.715 Thread 0x0000026cc17bbe50  717       3       java.lang.StringConcatHelper::newString (67 bytes)
Event: 0.715 Thread 0x0000026cc17bbe50 nmethod 717 0x0000026cad09db10 code [0x0000026cad09dda0, 0x0000026cad09e768]
Event: 0.715 Thread 0x0000026cc17bbe50  718       3       java.io.RandomAccessFile::read (8 bytes)
Event: 0.715 Thread 0x0000026cc17bbe50 nmethod 718 0x0000026cad09eb10 code [0x0000026cad09ecc0, 0x0000026cad09edf8]
Event: 0.715 Thread 0x0000026cc17bbe50  713       3       java.util.zip.ZipUtils::CENOFF (9 bytes)
Event: 0.715 Thread 0x0000026cc17bbe50 nmethod 713 0x0000026cad09ee90 code [0x0000026cad09f040, 0x0000026cad09f318]
Event: 0.715 Thread 0x0000026cc17bbe50  714   !   3       java.util.zip.ZipFile$CleanableResource::getInflater (47 bytes)
Event: 0.716 Thread 0x0000026cc17bbe50 nmethod 714 0x0000026cad09f490 code [0x0000026cad09f680, 0x0000026cad09fb98]
Event: 0.716 Thread 0x0000026cc17bbe50  715       3       java.util.zip.ZipFile$ZipFileInflaterInputStream::<init> (41 bytes)
Event: 0.716 Thread 0x0000026cc17bbe50 nmethod 715 0x0000026cad09fe10 code [0x0000026cad0a0000, 0x0000026cad0a04a8]
Event: 0.716 Thread 0x0000026cc17bbe50  716       3       java.util.zip.InflaterInputStream::<init> (70 bytes)
Event: 0.716 Thread 0x0000026cc17bbe50 nmethod 716 0x0000026cad0a0690 code [0x0000026cad0a08a0, 0x0000026cad0a0f98]
Event: 0.716 Thread 0x0000026cc17bbe50  712       3       java.util.zip.ZipCoder$UTF8ZipCoder::hasTrailingSlash (20 bytes)
Event: 0.716 Thread 0x0000026cc17bbe50 nmethod 712 0x0000026cad0a1190 code [0x0000026cad0a1340, 0x0000026cad0a1508]
Event: 0.716 Thread 0x0000026cc17bbe50  719       3       jdk.internal.loader.BuiltinClassLoader::findLoadedModule (33 bytes)
Event: 0.716 Thread 0x0000026cc17bbe50 nmethod 719 0x0000026cad0a1610 code [0x0000026cad0a1840, 0x0000026cad0a1e78]

GC Heap History (0 events):
No events

Dll operation events (3 events):
Event: 0.006 Loaded shared library C:\Program Files\Android\Android Studio\jbr\bin\java.dll
Event: 0.010 Loaded shared library C:\Program Files\Android\Android Studio\jbr\bin\zip.dll
Event: 0.129 Loaded shared library C:\Program Files\Android\Android Studio\jbr\bin\verify.dll

Deoptimization events (20 events):
Event: 0.695 Thread 0x0000026ca9e1b300 DEOPT PACKING pc=0x0000026cb4a60764 sp=0x000000ba7a0fc850
Event: 0.695 Thread 0x0000026ca9e1b300 DEOPT UNPACKING pc=0x0000026cb44e46a2 sp=0x000000ba7a0fc710 mode 2
Event: 0.695 Thread 0x0000026ca9e1b300 Uncommon trap: trap_request=0xffffff45 fr.pc=0x0000026cb4a420cc relative=0x000000000000012c
Event: 0.695 Thread 0x0000026ca9e1b300 Uncommon trap: reason=unstable_if action=reinterpret pc=0x0000026cb4a420cc method=java.lang.StringCoding.countPositives([BII)I @ 17 c2
Event: 0.695 Thread 0x0000026ca9e1b300 DEOPT PACKING pc=0x0000026cb4a420cc sp=0x000000ba7a0fc5e0
Event: 0.695 Thread 0x0000026ca9e1b300 DEOPT UNPACKING pc=0x0000026cb44e46a2 sp=0x000000ba7a0fc580 mode 2
Event: 0.695 Thread 0x0000026ca9e1b300 Uncommon trap: trap_request=0xffffff45 fr.pc=0x0000026cb4a3a964 relative=0x00000000000002a4
Event: 0.695 Thread 0x0000026ca9e1b300 Uncommon trap: reason=unstable_if action=reinterpret pc=0x0000026cb4a3a964 method=java.lang.String.hashCode()I @ 20 c2
Event: 0.695 Thread 0x0000026ca9e1b300 DEOPT PACKING pc=0x0000026cb4a3a964 sp=0x000000ba7a0fc660
Event: 0.695 Thread 0x0000026ca9e1b300 DEOPT UNPACKING pc=0x0000026cb44e46a2 sp=0x000000ba7a0fc5f0 mode 2
Event: 0.695 Thread 0x0000026ca9e1b300 Uncommon trap: trap_request=0xffffff45 fr.pc=0x0000026cb4a42530 relative=0x0000000000000190
Event: 0.695 Thread 0x0000026ca9e1b300 Uncommon trap: reason=unstable_if action=reinterpret pc=0x0000026cb4a42530 method=jdk.internal.util.ArraysSupport.vectorizedHashCode(Ljava/lang/Object;IIII)I @ 2 c2
Event: 0.695 Thread 0x0000026ca9e1b300 DEOPT PACKING pc=0x0000026cb4a42530 sp=0x000000ba7a0fc560
Event: 0.695 Thread 0x0000026ca9e1b300 DEOPT UNPACKING pc=0x0000026cb44e46a2 sp=0x000000ba7a0fc510 mode 2
Event: 0.695 Thread 0x0000026ca9e1b300 Uncommon trap: trap_request=0xffffff45 fr.pc=0x0000026cb4a5edbc relative=0x000000000000017c
Event: 0.695 Thread 0x0000026ca9e1b300 Uncommon trap: reason=unstable_if action=reinterpret pc=0x0000026cb4a5edbc method=java.util.zip.ZipFile$Source.isMetaName([BII)Z @ 57 c2
Event: 0.695 Thread 0x0000026ca9e1b300 DEOPT PACKING pc=0x0000026cb4a5edbc sp=0x000000ba7a0fc870
Event: 0.695 Thread 0x0000026ca9e1b300 DEOPT UNPACKING pc=0x0000026cb44e46a2 sp=0x000000ba7a0fc800 mode 2
Event: 0.698 Thread 0x0000026ca9e1b300 DEOPT PACKING pc=0x0000026cad072ada sp=0x000000ba7a0fc880
Event: 0.698 Thread 0x0000026ca9e1b300 DEOPT UNPACKING pc=0x0000026cb44e4e42 sp=0x000000ba7a0fbd40 mode 0

Classes loaded (20 events):
Event: 0.558 Loading class jdk/internal/loader/BuiltinClassLoader$1 done
Event: 0.558 Loading class java/lang/CompoundEnumeration
Event: 0.558 Loading class java/lang/CompoundEnumeration done
Event: 0.558 Loading class jdk/internal/loader/URLClassPath$1
Event: 0.558 Loading class jdk/internal/loader/URLClassPath$1 done
Event: 0.558 Loading class java/net/URLClassLoader$3
Event: 0.558 Loading class java/net/URLClassLoader$3 done
Event: 0.558 Loading class java/net/URLClassLoader$3$1
Event: 0.558 Loading class java/net/URLClassLoader$3$1 done
Event: 0.708 Loading class java/lang/UnsupportedOperationException
Event: 0.708 Loading class java/lang/UnsupportedOperationException done
Event: 0.715 Loading class java/lang/reflect/InvocationHandler
Event: 0.715 Loading class java/lang/reflect/InvocationHandler done
Event: 0.716 Loading class java/lang/reflect/Proxy
Event: 0.725 Loading class java/lang/reflect/Proxy done
Event: 0.726 Loading class java/lang/reflect/Proxy$1
Event: 0.726 Loading class java/lang/reflect/Proxy$1 done
Event: 0.726 Loading class jdk/internal/loader/AbstractClassLoaderValue$Sub
Event: 0.726 Loading class jdk/internal/loader/AbstractClassLoaderValue$Sub done
Event: 0.727 Loading class java/lang/reflect/Proxy$ProxyBuilder

Classes unloaded (0 events):
No events

Classes redefined (0 events):
No events

Internal exceptions (5 events):
Event: 0.282 Thread 0x0000026ca9e1b300 Exception <a 'java/lang/NoSuchMethodError'{0x00000000915ddaf0}: 'void java.lang.invoke.DirectMethodHandle$Holder.invokeStatic(java.lang.Object, java.lang.Object)'> (0x00000000915ddaf0) 
thrown [s\src\hotspot\share\interpreter\linkResolver.cpp, line 784]
Event: 0.283 Thread 0x0000026ca9e1b300 Exception <a 'java/lang/NoSuchMethodError'{0x00000000915e14d8}: 'void java.lang.invoke.DirectMethodHandle$Holder.invokeSpecial(java.lang.Object, java.lang.Object, java.lang.Object)'> (0x00000000915e14d8) 
thrown [s\src\hotspot\share\interpreter\linkResolver.cpp, line 784]
Event: 0.299 Thread 0x0000026ca9e1b300 Exception <a 'java/lang/NoSuchMethodError'{0x000000009148f3b0}: 'void java.lang.invoke.DirectMethodHandle$Holder.invokeStatic(java.lang.Object, java.lang.Object, java.lang.Object)'> (0x000000009148f3b0) 
thrown [s\src\hotspot\share\interpreter\linkResolver.cpp, line 784]
Event: 0.302 Thread 0x0000026ca9e1b300 Exception <a 'java/lang/NoSuchMethodError'{0x00000000914a1aa0}: 'java.lang.Object java.lang.invoke.Invokers$Holder.invokeExact_MT(java.lang.Object, java.lang.Object, java.lang.Object, java.lang.Object, java.lang.Object)'> (0x00000000914a1aa0) 
thrown [s\src\hotspot\share\interpreter\linkResolver.cpp, line 784]
Event: 0.309 Thread 0x0000026ca9e1b300 Exception <a 'java/lang/NoSuchMethodError'{0x00000000914cf530}: 'int java.lang.invoke.DirectMethodHandle$Holder.invokeStaticInit(java.lang.Object, java.lang.Object)'> (0x00000000914cf530) 
thrown [s\src\hotspot\share\interpreter\linkResolver.cpp, line 784]

ZGC Phase Switch (0 events):
No events

VM Operations (2 events):
Event: 0.119 Executing VM operation: HandshakeAllThreads (Deoptimize)
Event: 0.119 Executing VM operation: HandshakeAllThreads (Deoptimize) done

Events (17 events):
Event: 0.009 Thread 0x0000026ca9e1b300 Thread added: 0x0000026ca9e1b300
Event: 0.045 Thread 0x0000026cc17d03a0 Thread added: 0x0000026cc17d03a0
Event: 0.045 Thread 0x0000026cc17d0e00 Thread added: 0x0000026cc17d0e00
Event: 0.046 Thread 0x0000026cc17d2e00 Thread added: 0x0000026cc17d2e00
Event: 0.046 Thread 0x0000026cc17d3470 Thread added: 0x0000026cc17d3470
Event: 0.046 Thread 0x0000026cc17aed60 Thread added: 0x0000026cc17aed60
Event: 0.046 Thread 0x0000026cc17af7c0 Thread added: 0x0000026cc17af7c0
Event: 0.046 Thread 0x0000026cc17baf80 Thread added: 0x0000026cc17baf80
Event: 0.046 Thread 0x0000026cc17bbe50 Thread added: 0x0000026cc17bbe50
Event: 0.069 Thread 0x0000026cc197c4a0 Thread added: 0x0000026cc197c4a0
Event: 0.081 Thread 0x0000026cc19a2530 Thread added: 0x0000026cc19a2530
Event: 0.094 Loaded shared library C:\Program Files\Android\Android Studio\jbr\bin\net.dll
Event: 0.098 Loaded shared library C:\Program Files\Android\Android Studio\jbr\bin\nio.dll
Event: 0.113 Loaded shared library C:\Program Files\Android\Android Studio\jbr\bin\zip.dll
Event: 0.192 Loaded shared library C:\Program Files\Android\Android Studio\jbr\bin\jimage.dll
Event: 0.514 Thread 0x0000026cc627b610 Thread added: 0x0000026cc627b610
Event: 0.695 Thread 0x0000026cc627b610 Thread exited: 0x0000026cc627b610


Dynamic libraries:
0x00007ff636f80000 - 0x00007ff636f8a000 	C:\Program Files\Android\Android Studio\jbr\bin\java.exe
0x00007ffb8bb30000 - 0x00007ffb8bd47000 	C:\Windows\SYSTEM32\ntdll.dll
0x00007ffb8ae70000 - 0x00007ffb8af34000 	C:\Windows\System32\KERNEL32.DLL
0x00007ffb88e80000 - 0x00007ffb8923a000 	C:\Windows\System32\KERNELBASE.dll
0x00007ffb895c0000 - 0x00007ffb896d1000 	C:\Windows\System32\ucrtbase.dll
0x00007ffb657c0000 - 0x00007ffb657d8000 	C:\Program Files\Android\Android Studio\jbr\bin\jli.dll
0x00007ffb66d30000 - 0x00007ffb66d4b000 	C:\Program Files\Android\Android Studio\jbr\bin\VCRUNTIME140.dll
0x00007ffb89ab0000 - 0x00007ffb89c5e000 	C:\Windows\System32\USER32.dll
0x00007ffb74c60000 - 0x00007ffb74ef2000 	C:\Windows\WinSxS\amd64_microsoft.windows.common-controls_6595b64144ccf1df_6.0.22621.4541_none_2710d1c57384c085\COMCTL32.dll
0x00007ffb89800000 - 0x00007ffb89826000 	C:\Windows\System32\win32u.dll
0x00007ffb89840000 - 0x00007ffb898e7000 	C:\Windows\System32\msvcrt.dll
0x00007ffb8ae40000 - 0x00007ffb8ae69000 	C:\Windows\System32\GDI32.dll
0x00007ffb896e0000 - 0x00007ffb897fb000 	C:\Windows\System32\gdi32full.dll
0x00007ffb89520000 - 0x00007ffb895ba000 	C:\Windows\System32\msvcp_win.dll
0x00007ffb89ef0000 - 0x00007ffb89f21000 	C:\Windows\System32\IMM32.DLL
0x00007ffb6bf30000 - 0x00007ffb6bf3c000 	C:\Program Files\Android\Android Studio\jbr\bin\vcruntime140_1.dll
0x00007ffb4c0a0000 - 0x00007ffb4c12d000 	C:\Program Files\Android\Android Studio\jbr\bin\msvcp140.dll
0x00007ffb139f0000 - 0x00007ffb1466d000 	C:\Program Files\Android\Android Studio\jbr\bin\server\jvm.dll
0x00007ffb89c60000 - 0x00007ffb89d12000 	C:\Windows\System32\ADVAPI32.dll
0x00007ffb8a970000 - 0x00007ffb8aa17000 	C:\Windows\System32\sechost.dll
0x00007ffb892c0000 - 0x00007ffb892e8000 	C:\Windows\System32\bcrypt.dll
0x00007ffb89f30000 - 0x00007ffb8a044000 	C:\Windows\System32\RPCRT4.dll
0x00007ffb8b080000 - 0x00007ffb8b0f1000 	C:\Windows\System32\WS2_32.dll
0x00007ffb88cd0000 - 0x00007ffb88d1d000 	C:\Windows\SYSTEM32\POWRPROF.dll
0x00007ffb825b0000 - 0x00007ffb825e4000 	C:\Windows\SYSTEM32\WINMM.dll
0x00007ffb81b30000 - 0x00007ffb81b3a000 	C:\Windows\SYSTEM32\VERSION.dll
0x00007ffb88cb0000 - 0x00007ffb88cc3000 	C:\Windows\SYSTEM32\UMPDC.dll
0x00007ffb87e40000 - 0x00007ffb87e58000 	C:\Windows\SYSTEM32\kernel.appcore.dll
0x00007ffb66410000 - 0x00007ffb6641a000 	C:\Program Files\Android\Android Studio\jbr\bin\jimage.dll
0x00007ffb7bf50000 - 0x00007ffb7c182000 	C:\Windows\SYSTEM32\DBGHELP.DLL
0x00007ffb8aab0000 - 0x00007ffb8ae3f000 	C:\Windows\System32\combase.dll
0x00007ffb8b170000 - 0x00007ffb8b247000 	C:\Windows\System32\OLEAUT32.dll
0x00007ffb663d0000 - 0x00007ffb66402000 	C:\Windows\SYSTEM32\dbgcore.DLL
0x00007ffb89240000 - 0x00007ffb892bb000 	C:\Windows\System32\bcryptPrimitives.dll
0x00007ffb62ee0000 - 0x00007ffb62eff000 	C:\Program Files\Android\Android Studio\jbr\bin\java.dll
0x00007ffb62320000 - 0x00007ffb62338000 	C:\Program Files\Android\Android Studio\jbr\bin\zip.dll
0x00007ffb8b250000 - 0x00007ffb8bac8000 	C:\Windows\System32\SHELL32.dll
0x00007ffb86d40000 - 0x00007ffb87648000 	C:\Windows\SYSTEM32\windows.storage.dll
0x00007ffb86c00000 - 0x00007ffb86d3f000 	C:\Windows\SYSTEM32\wintypes.dll
0x00007ffb8a370000 - 0x00007ffb8a46a000 	C:\Windows\System32\SHCORE.dll
0x00007ffb8a310000 - 0x00007ffb8a36e000 	C:\Windows\System32\shlwapi.dll
0x00007ffb88d30000 - 0x00007ffb88d5b000 	C:\Windows\SYSTEM32\profapi.dll
0x00007ffb65710000 - 0x00007ffb65720000 	C:\Program Files\Android\Android Studio\jbr\bin\net.dll
0x00007ffb83db0000 - 0x00007ffb83ee6000 	C:\Windows\SYSTEM32\WINHTTP.dll
0x00007ffb882c0000 - 0x00007ffb88329000 	C:\Windows\system32\mswsock.dll
0x00007ffb62180000 - 0x00007ffb62196000 	C:\Program Files\Android\Android Studio\jbr\bin\nio.dll
0x00007ffb655d0000 - 0x00007ffb655e0000 	C:\Program Files\Android\Android Studio\jbr\bin\verify.dll

dbghelp: loaded successfully - version: 4.0.5 - missing functions: none
symbol engine: initialized successfully - sym options: 0x614 - pdb path: .;C:\Program Files\Android\Android Studio\jbr\bin;C:\Windows\SYSTEM32;C:\Windows\WinSxS\amd64_microsoft.windows.common-controls_6595b64144ccf1df_6.0.22621.4541_none_2710d1c57384c085;C:\Program Files\Android\Android Studio\jbr\bin\server

VM Arguments:
jvm_args: -Dorg.gradle.appname=gradlew 
java_command: org.gradle.wrapper.GradleWrapperMain -q -Ptarget-platform=android-x64 -Ptarget=D:\flutter\projects\pickup\lib\main.dart -Pbase-application-name=android.app.Application -Pdart-obfuscation=false -Ptrack-widget-creation=true -Ptree-shake-icons=false -Pfilesystem-scheme=org-dartlang-root assembleDebug
java_class_path (initial): D:\flutter\projects\pickup\android\\gradle\wrapper\gradle-wrapper.jar
Launcher Type: SUN_STANDARD

[Global flags]
     intx CICompilerCount                          = 4                                         {product} {ergonomic}
     uint ConcGCThreads                            = 3                                         {product} {ergonomic}
     uint G1ConcRefinementThreads                  = 10                                        {product} {ergonomic}
   size_t G1HeapRegionSize                         = 1048576                                   {product} {ergonomic}
    uintx GCDrainStackTargetSize                   = 64                                        {product} {ergonomic}
   size_t InitialHeapSize                          = 123731968                                 {product} {ergonomic}
   size_t MarkStackSize                            = 4194304                                   {product} {ergonomic}
   size_t MaxHeapSize                              = 1977614336                                {product} {ergonomic}
   size_t MaxNewSize                               = 1185939456                                {product} {ergonomic}
   size_t MinHeapDeltaBytes                        = 1048576                                   {product} {ergonomic}
   size_t MinHeapSize                              = 8388608                                   {product} {ergonomic}
    uintx NonNMethodCodeHeapSize                   = 5839372                                {pd product} {ergonomic}
    uintx NonProfiledCodeHeapSize                  = 122909434                              {pd product} {ergonomic}
    uintx ProfiledCodeHeapSize                     = 122909434                              {pd product} {ergonomic}
    uintx ReservedCodeCacheSize                    = 251658240                              {pd product} {ergonomic}
     bool SegmentedCodeCache                       = true                                      {product} {ergonomic}
   size_t SoftMaxHeapSize                          = 1977614336                             {manageable} {ergonomic}
     bool UseCompressedOops                        = true                           {product lp64_product} {ergonomic}
     bool UseG1GC                                  = true                                      {product} {ergonomic}
     bool UseLargePagesIndividualAllocation        = false                                  {pd product} {ergonomic}

Logging:
Log output configuration:
 #0: stdout all=warning uptime,level,tags foldmultilines=false
 #1: stderr all=off uptime,level,tags foldmultilines=false

Environment Variables:
JAVA_HOME=C:\Program Files\Android\Android Studio\jbr
CLASSPATH=D:\flutter\projects\pickup\android\\gradle\wrapper\gradle-wrapper.jar
PATH=C:\Program Files\Android\Android Studio\jbr\bin;C:\Program Files\Common Files\Oracle\Java\javapath;C:\Windows\System32;C:\Program Files\nodejs\;C:\Users\ADMIN.ADMIN\AppData\Local\Microsoft\WindowsApps;D:\flutter\flutter\bin;C:\Users\ADMIN.ADMIN\AppData\Local\Programs\Microsoft VS Code\bin;C:\Program Files\Java\jdk-23\bin;C:\Users\ADMIN.ADMIN\AppData\Local\Pub\Cache\bin;C:\Users\ADMIN.ADMIN\AppData\Roaming\npm;D:\flutter\flutter\bin\mingit\cmd;D:\flutter\flutter\bin\mingit\cmd
USERNAME=ADMIN
OS=Windows_NT
PROCESSOR_IDENTIFIER=AMD64 Family 23 Model 96 Stepping 1, AuthenticAMD
TMP=C:\Users\ADMIN~1.ADM\AppData\Local\Temp
TEMP=C:\Users\ADMIN~1.ADM\AppData\Local\Temp




Periodic native trim disabled

JNI global refs:
JNI global refs: 8, weak refs: 0

JNI global refs memory usage: 835, weak refs: 201

Process memory usage:
Resident Set Size: 68956K (0% of 7722132K total physical memory with 485608K free physical memory)

OOME stack traces (most recent first):
Classloader memory used:
